Arguments: 
  C:\Program Files\nodejs\node.exe C:\Program Files (x86)\Yarn\bin\yarn.js add express mongoose bcryptjs validtor passport passport-jwt jsonwebtoken body-parser

PATH: 
  C:\Program Files\Git\mingw64\bin;C:\Program Files\Git\usr\bin;C:\Users\MY-PC\bin;C:\Program Files (x86)\Common Files\Intel\Shared Libraries\redist\intel64\compiler;C:\WINDOWS\system32;C:\WINDOWS;C:\WINDOWS\System32\Wbem;C:\WINDOWS\System32\WindowsPowerShell\v1.0;C:\Program Files\Git\cmd;C:\WINDOWS\System32\OpenSSH;C:\Program Files (x86)\Yarn\bin;C:\Program Files\nodejs;C:\Users\MY-PC\AppData\Local\Programs\Python\Python37-32\Scripts;C:\Users\MY-PC\AppData\Local\Programs\Python\Python37-32;C:\Users\MY-PC\AppData\Local\Programs\Python\Python36-32\Scripts;C:\Users\MY-PC\AppData\Local\Programs\Python\Python36-32;C:\Users\MY-PC\AppData\Local\Programs\Microsoft VS Code\bin;C:\Users\MY-PC\AppData\Roaming\Dashlane\4.6.6.23032\bin\Firefox_Extension\{442718d9-475e-452a-b3e1-fb1ee16b8e9f}\components;C:\Users\MY-PC\AppData\Roaming\Dashlane\4.6.8.25848\bin\Firefox_Extension\{442718d9-475e-452a-b3e1-fb1ee16b8e9f}\components;C:\Users\MY-PC\AppData\Local\Microsoft\WindowsApps;C:\Users\MY-PC\AppData\Local\Yarn\bin;C:\Users\MY-PC\AppData\Roaming\npm;C:\Users\MY-PC\AppData\Local\JetBrains\PyCharm Community Edition 2018.3.4\bin;C:\Program Files\MongoDB\Server\4.0\bin

Yarn version: 
  1.13.0

Node version: 
  11.10.0

Platform: 
  win32 x64

Trace: 
  Error: https://registry.yarnpkg.com/validtor: Not found
      at Request.params.callback [as _callback] (C:\Program Files (x86)\Yarn\lib\cli.js:65364:18)
      at Request.self.callback (C:\Program Files (x86)\Yarn\lib\cli.js:129397:22)
      at Request.emit (events.js:197:13)
      at Request.<anonymous> (C:\Program Files (x86)\Yarn\lib\cli.js:130369:10)
      at Request.emit (events.js:197:13)
      at IncomingMessage.<anonymous> (C:\Program Files (x86)\Yarn\lib\cli.js:130291:12)
      at Object.onceWrapper (events.js:285:13)
      at IncomingMessage.emit (events.js:202:15)
      at endReadableNT (_stream_readable.js:1129:12)
      at processTicksAndRejections (internal/process/next_tick.js:76:17)

npm manifest: 
  {
    "name": "server-side",
    "version": "1.0.0",
    "description": "This a server side code ",
    "main": "app.js",
    "scripts": {
      "test": "echo \"Error: no test specified\" && exit 1"
    },
    "author": "",
    "license": "ISC"
  }

yarn manifest: 
  No manifest

Lockfile: 
  No lockfile
